[    0.000000] Initializing cgroup subsys cpuset
[    0.000000] Initializing cgroup subsys cpu
[    0.000000] Initializing cgroup subsys cpuacct
[    0.000000] Linux version 4.4.0-210-generic (buildd@lgw01-amd64-009) (gcc version 5.4.0 20160609 (Ubuntu 5.4.0-6ubuntu1~16.04.12) ) #242-Ubuntu SMP Fri Apr 16 09:57:56 UTC 2021 (Ubuntu 4.4.0-210.242-generic 4.4.262)
[    0.000000] Command line: BOOT_IMAGE=/boot/vmlinuz-4.4.0-210-generic root=LABEL=cloudimg-rootfs ro console=tty1 console=ttyS0
[    0.000000] KERNEL supported cpus:
[    0.000000]   Intel GenuineIntel
[    0.000000]   AMD AuthenticAMD
[    0.000000]   Centaur CentaurHauls
[    0.000000] x86/fpu: xstate_offset[2]:  576, xstate_sizes[2]:  256
[    0.000000] x86/fpu: Supporting XSAVE feature 0x01: 'x87 floating point registers'
[    0.000000] x86/fpu: Supporting XSAVE feature 0x02: 'SSE registers'
[    0.000000] x86/fpu: Supporting XSAVE feature 0x04: 'AVX registers'
[    0.000000] x86/fpu: Enabled xstate features 0x7, context size is 832 bytes, using 'standard' format.
[    0.000000] e820: BIOS-provided physical RAM map:
[    0.000000] BIOS-e820: [mem 0x0000000000000000-0x000000000009fbff] usable
[    0.000000] BIOS-e820: [mem 0x000000000009fc00-0x000000000009ffff] reserved
[    0.000000] BIOS-e820: [mem 0x00000000000f0000-0x00000000000fffff] reserved
[    0.000000] BIOS-e820: [mem 0x0000000000100000-0x000000003ffeffff] usable
[    0.000000] BIOS-e820: [mem 0x000000003fff0000-0x000000003fffffff] ACPI data
[    0.000000] BIOS-e820: [mem 0x00000000fec00000-0x00000000fec00fff] reserved
[    0.000000] BIOS-e820: [mem 0x00000000fee00000-0x00000000fee00fff] reserved
[    0.000000] BIOS-e820: [mem 0x00000000fffc0000-0x00000000ffffffff] reserved
[    0.000000] NX (Execute Disable) protection: active
[    0.000000] SMBIOS 2.5 present.
[    0.000000] Hypervisor detected: KVM
[    0.000000] e820: last_pfn = 0x3fff0 max_arch_pfn = 0x400000000
[    0.000000] MTRR: Disabled
[    0.000000] x86/PAT: MTRRs disabled, skipping PAT initialization too.
[    0.000000] CPU MTRRs all blank - virtualized system.
[    0.000000] x86/PAT: Configuration [0-7]: WB  WT  UC- UC  WB  WT  UC- UC  
[    0.000000] found SMP MP-table at [mem 0x0009fff0-0x0009ffff] mapped at [ffff88000009fff0]
[    0.000000] Scanning 1 areas for low memory corruption
[    0.000000] RAMDISK: [mem 0x362dc000-0x37165fff]
[    0.000000] ACPI: Early table checksum verification disabled
[    0.000000] ACPI: RSDP 0x00000000000E0000 000024 (v02 VBOX  )
[    0.000000] ACPI: XSDT 0x000000003FFF0030 00003C (v01 VBOX   VBOXXSDT 00000001 ASL  00000061)
[    0.000000] ACPI: FACP 0x000000003FFF00F0 0000F4 (v04 VBOX   VBOXFACP 00000001 ASL  00000061)
[    0.000000] ACPI: DSDT 0x000000003FFF0610 002353 (v02 VBOX   VBOXBIOS 00000002 INTL 20200528)
[    0.000000] ACPI: FACS 0x000000003FFF0200 000040
[    0.000000] ACPI: FACS 0x000000003FFF0200 000040
[    0.000000] ACPI: APIC 0x000000003FFF0240 00005C (v02 VBOX   VBOXAPIC 00000001 ASL  00000061)
[    0.000000] ACPI: SSDT 0x000000003FFF02A0 00036C (v01 VBOX   VBOXCPUT 00000002 INTL 20200528)
[    0.000000] No NUMA configuration found
[    0.000000] Faking a node at [mem 0x0000000000000000-0x000000003ffeffff]
[    0.000000] NODE_DATA(0) allocated [mem 0x3ffeb000-0x3ffeffff]
[    0.000000] kvm-clock: Using msrs 4b564d01 and 4b564d00
[    0.000000] kvm-clock: cpu 0, msr 0:3ffe3001, primary cpu clock
[    0.000000] kvm-clock: using sched offset of 3961646966 cycles
[    0.000000] clocksource: kvm-clock: mask: 0xffffffffffffffff max_cycles: 0x1cd42e4dffb, max_idle_ns: 881590591483 ns
[    0.000000] Zone ranges:
[    0.000000]   DMA      [mem 0x0000000000001000-0x0000000000ffffff]
[    0.000000]   DMA32    [mem 0x0000000001000000-0x000000003ffeffff]
[    0.000000]   Normal   empty
[    0.000000]   Device   empty
[    0.000000] Movable zone start for each node
[    0.000000] Early memory node ranges
[    0.000000]   node   0: [mem 0x0000000000001000-0x000000000009efff]
[    0.000000]   node   0: [mem 0x0000000000100000-0x000000003ffeffff]
[    0.000000] Initmem setup node 0 [mem 0x0000000000001000-0x000000003ffeffff]
[    0.000000] ACPI: PM-Timer IO Port: 0x4008
[    0.000000] IOAPIC[0]: apic_id 2, version 32, address 0xfec00000, GSI 0-23
[    0.000000] ACPI: INT_SRC_OVR (bus 0 bus_irq 0 global_irq 2 dfl dfl)
[    0.000000] ACPI: INT_SRC_OVR (bus 0 bus_irq 9 global_irq 9 low level)
[    0.000000] Using ACPI (MADT) for SMP configuration information
[    0.000000] smpboot: Allowing 2 CPUs, 0 hotplug CPUs
[    0.000000] PM: Registered nosave memory: [mem 0x00000000-0x00000fff]
[    0.000000] PM: Registered nosave memory: [mem 0x0009f000-0x0009ffff]
[    0.000000] PM: Registered nosave memory: [mem 0x000a0000-0x000effff]
[    0.000000] PM: Registered nosave memory: [mem 0x000f0000-0x000fffff]
[    0.000000] e820: [mem 0x40000000-0xfebfffff] available for PCI devices
[    0.000000] Booting paravirtualized kernel on KVM
[    0.000000] clocksource: refined-jiffies: mask: 0xffffffff max_cycles: 0xffffffff, max_idle_ns: 7645519600211568 ns
[    0.000000] setup_percpu: NR_CPUS:512 nr_cpumask_bits:512 nr_cpu_ids:2 nr_node_ids:1
[    0.000000] PERCPU: Embedded 33 pages/cpu @ffff88003fc00000 s95192 r8192 d31784 u1048576
[    0.000000] Built 1 zonelists in Node order, mobility grouping on.  Total pages: 257912
[    0.000000] Policy zone: DMA32
[    0.000000] Kernel command line: BOOT_IMAGE=/boot/vmlinuz-4.4.0-210-generic root=LABEL=cloudimg-rootfs ro console=tty1 console=ttyS0
[    0.000000] PID hash table entries: 4096 (order: 3, 32768 bytes)
[    0.000000] Memory: 997792K/1048120K available (8644K kernel code, 1332K rwdata, 4044K rodata, 1492K init, 1164K bss, 50328K reserved, 0K cma-reserved)
[    0.000000] SLUB: HWalign=64, Order=0-3, MinObjects=0, CPUs=2, Nodes=1
[    0.000000] Kernel/User page tables isolation: enabled
[    0.000000] Hierarchical RCU implementation.
[    0.000000] 	Build-time adjustment of leaf fanout to 64.
[    0.000000] 	RCU restricting CPUs from NR_CPUS=512 to nr_cpu_ids=2.
[    0.000000] RCU: Adjusting geometry for rcu_fanout_leaf=64, nr_cpu_ids=2
[    0.000000] NR_IRQS:33024 nr_irqs:440 16
[    0.000000] Console: colour VGA+ 80x25
[    0.000000] console [tty1] enabled
[    0.000000] console [ttyS0] enabled
[    0.000000] tsc: Detected 2501.928 MHz processor
[    0.669067] Calibrating delay loop (skipped) preset value.. 5003.85 BogoMIPS (lpj=10007712)
[    0.678792] pid_max: default: 32768 minimum: 301
[    0.684615] ACPI: Core revision 20150930
[    0.689892] ACPI: 2 ACPI AML tables successfully acquired and loaded
[    0.698497] Security Framework initialized
[    0.702990] Yama: becoming mindful.
[    0.707041] AppArmor: AppArmor initialized
[    0.711754] Dentry cache hash table entries: 131072 (order: 8, 1048576 bytes)
[    0.722533] Inode-cache hash table entries: 65536 (order: 7, 524288 bytes)
[    0.730809] Mount-cache hash table entries: 2048 (order: 2, 16384 bytes)
[    0.738141] Mountpoint-cache hash table entries: 2048 (order: 2, 16384 bytes)
[    0.745958] Initializing cgroup subsys io
[    0.749872] Initializing cgroup subsys memory
[    0.754344] Initializing cgroup subsys devices
[    0.758749] Initializing cgroup subsys freezer
[    0.763216] Initializing cgroup subsys net_cls
[    0.767687] Initializing cgroup subsys perf_event
[    0.772358] Initializing cgroup subsys net_prio
[    0.777224] Initializing cgroup subsys hugetlb
[    0.782257] Initializing cgroup subsys pids
[    0.788636] mce: CPU supports 0 MCE banks
[    0.792921] Last level iTLB entries: 4KB 512, 2MB 8, 4MB 8
[    0.798588] Last level dTLB entries: 4KB 512, 2MB 32, 4MB 32, 1GB 0
[    0.806339] Spectre V1 : Mitigation: usercopy/swapgs barriers and __user pointer sanitization
[    0.816735] Spectre V2 : Mitigation: Full generic retpoline
[    0.821912] Spectre V2 : Spectre v2 / SpectreRSB mitigation: Filling RSB on context switch
[    0.830792] Speculative Store Bypass: Vulnerable
[    0.836253] MDS: Mitigation: Clear CPU buffers
[    0.908721] Freeing SMP alternatives memory: 36K
[    1.000280] ftrace: allocating 32380 entries in 127 pages
[    1.599179] smpboot: APIC(0) Converting physical 0 to logical package 0
[    1.606523] smpboot: Max logical packages: 1
[    1.613458] x2apic enabled
[    1.618787] Switched APIC routing to physical x2apic.
[    1.634046] ..TIMER: vector=0x30 apic1=0 pin1=2 apic2=-1 pin2=-1
[    1.748249] smpboot: CPU0: Intel(R) Core(TM) i5-2400S CPU @ 2.50GHz (family: 0x6, model: 0x2a, stepping: 0x7)
[    1.758407] Performance Events: unsupported p6 CPU model 42 no PMU driver, software events only.
[    1.862636] KVM setup paravirtual spinlock
[    1.868100] x86: Booting SMP configuration:
[    1.872220] .... node  #0, CPUs:      #1
[    1.877478] kvm-clock: cpu 1, msr 0:3ffe3041, secondary cpu clock
[    1.882621] mce: CPU supports 0 MCE banks
[    1.887302] x86: Booted up 1 node, 2 CPUs
[    1.891432] smpboot: Total of 2 processors activated (10007.71 BogoMIPS)
[    1.899893] devtmpfs: initialized
[    1.905172] evm: security.selinux
[    1.908559] evm: security.SMACK64
[    1.911857] evm: security.SMACK64EXEC
[    1.915478] evm: security.SMACK64TRANSMUTE
[    1.919461] evm: security.SMACK64MMAP
[    1.923105] evm: security.ima
[    1.926092] evm: security.capability
[    1.930059] clocksource: jiffies: mask: 0xffffffff max_cycles: 0xffffffff, max_idle_ns: 7645041785100000 ns
[    1.938951] futex hash table entries: 512 (order: 3, 32768 bytes)
[    1.945057] pinctrl core: initialized pinctrl subsystem
[    1.950427] RTC time: 12:29:59, date: 01/13/23
[    1.955121] NET: Registered protocol family 16
[    1.970252] cpuidle: using governor ladder
[    1.985044] cpuidle: using governor menu
[    1.994520] PCCT header not found.
[    1.997772] ACPI: bus type PCI registered
[    2.001445] acpiphp: ACPI Hot Plug PCI Controller Driver version: 0.5
[    2.007445] PCI: Using configuration type 1 for base access
[    2.024843] ACPI: Added _OSI(Module Device)
[    2.028707] ACPI: Added _OSI(Processor Device)
[    2.032744] ACPI: Added _OSI(3.0 _SCP Extensions)
[    2.036856] ACPI: Added _OSI(Processor Aggregator Device)
[    2.042946] ACPI: Executed 1 blocks of module-level executable AML code
[    2.053415] ACPI: Interpreter enabled
[    2.056900] ACPI: (supports S0 S5)
[    2.060086] ACPI: Using IOAPIC for interrupt routing
[    2.064929] PCI: Using host bridge windows from ACPI; if necessary, use "pci=nocrs" and report a bug
[    2.082421] ACPI: PCI Root Bridge [PCI0] (domain 0000 [bus 00-ff])
[    2.087791] acpi PNP0A03:00: _OSC: OS supports [ASPM ClockPM Segments MSI]
[    2.094870] acpi PNP0A03:00: _OSC: not requesting OS control; OS requires [ExtendedConfig ASPM ClockPM MSI]
[    2.103786] acpi PNP0A03:00: fail to add MMCONFIG information, can't access extended PCI configuration space under this bridge.
[    2.122064] PCI host bridge to bus 0000:00
[    2.126029] pci_bus 0000:00: root bus resource [io  0x0000-0x0cf7 window]
[    2.132304] pci_bus 0000:00: root bus resource [io  0x0d00-0xffff window]
[    2.139101] pci_bus 0000:00: root bus resource [mem 0x000a0000-0x000bffff window]
[    2.145795] pci_bus 0000:00: root bus resource [mem 0x40000000-0xfdffffff window]
[    2.152794] pci_bus 0000:00: root bus resource [bus 00-ff]
[    2.165138] pci 0000:00:01.1: legacy IDE quirk: reg 0x10: [io  0x01f0-0x01f7]
[    2.171659] pci 0000:00:01.1: legacy IDE quirk: reg 0x14: [io  0x03f6]
[    2.177630] pci 0000:00:01.1: legacy IDE quirk: reg 0x18: [io  0x0170-0x0177]
[    2.184093] pci 0000:00:01.1: legacy IDE quirk: reg 0x1c: [io  0x0376]
[    2.271062] pci 0000:00:07.0: quirk: [io  0x4000-0x403f] claimed by PIIX4 ACPI
[    2.277846] pci 0000:00:07.0: quirk: [io  0x4100-0x410f] claimed by PIIX4 SMB
[    2.301218] ACPI: PCI Interrupt Link [LNKA] (IRQs 5 9 10 *11)
[    2.309573] ACPI: PCI Interrupt Link [LNKB] (IRQs 5 9 *10 11)
[    2.317312] ACPI: PCI Interrupt Link [LNKC] (IRQs 5 *9 10 11)
[    2.325207] ACPI: PCI Interrupt Link [LNKD] (IRQs 5 9 10 *11)
[    2.332961] ACPI: Enabled 2 GPEs in block 00 to 07
[    2.338349] vgaarb: setting as boot device: PCI:0000:00:02.0
[    2.343344] vgaarb: device added: PCI:0000:00:02.0,decodes=io+mem,owns=io+mem,locks=none
[    2.350533] vgaarb: loaded
[    2.353291] vgaarb: bridge control possible 0000:00:02.0
[    2.358530] SCSI subsystem initialized
[    2.362363] ACPI: bus type USB registered
[    2.366079] usbcore: registered new interface driver usbfs
[    2.370898] usbcore: registered new interface driver hub
[    2.375771] usbcore: registered new device driver usb
[    2.381058] PCI: Using ACPI for IRQ routing
[    2.385854] NetLabel: Initializing
[    2.389111] NetLabel:  domain hash size = 128
[    2.393149] NetLabel:  protocols = UNLABELED CIPSOv4
[    2.397621] NetLabel:  unlabeled traffic allowed by default
[    2.402821] amd_nb: Cannot enumerate AMD northbridges
[    2.407481] clocksource: Switched to clocksource kvm-clock
[    2.431142] AppArmor: AppArmor Filesystem Enabled
[    2.435636] pnp: PnP ACPI init
[    2.440762] pnp: PnP ACPI: found 3 devices
[    2.466696] clocksource: acpi_pm: mask: 0xffffff max_cycles: 0xffffff, max_idle_ns: 2085701024 ns
[    2.474509] NET: Registered protocol family 2
[    2.479321] TCP established hash table entries: 8192 (order: 4, 65536 bytes)
[    2.485675] TCP bind hash table entries: 8192 (order: 5, 131072 bytes)
[    2.491684] TCP: Hash tables configured (established 8192 bind 8192)
[    2.497674] UDP hash table entries: 512 (order: 2, 16384 bytes)
[    2.503064] UDP-Lite hash table entries: 512 (order: 2, 16384 bytes)
[    2.508855] NET: Registered protocol family 1
[    2.512891] pci 0000:00:00.0: Limiting direct PCI/PCI transfers
[    2.518305] pci 0000:00:01.0: Activating ISA DMA hang workarounds
[    2.524359] Unpacking initramfs...
[    2.851330] Freeing initrd memory: 14888K
[    2.857524] RAPL PMU detected, API unit is 2^-32 Joules, 3 fixed counters 10737418240 ms ovfl timer
[    2.869303] hw unit of domain pp0-core 2^-0 Joules
[    2.874401] hw unit of domain package 2^-0 Joules
[    2.879318] hw unit of domain pp1-gpu 2^-0 Joules
[    2.884163] clocksource: tsc: mask: 0xffffffffffffffff max_cycles: 0x2410572861b, max_idle_ns: 440795288627 ns
[    2.893902] platform rtc_cmos: registered platform RTC device (no PNP device found)
[    2.901705] Scanning for low memory corruption every 60 seconds
[    2.908370] audit: initializing netlink subsys (disabled)
[    2.913794] audit: type=2000 audit(1673613004.715:1): initialized
[    2.920236] Initialise system trusted keyring
[    2.925362] HugeTLB registered 2 MB page size, pre-allocated 0 pages
[    2.933624] zbud: loaded
[    2.937634] VFS: Disk quotas dquot_6.6.0
[    2.941840] VFS: Dquot-cache hash table entries: 512 (order 0, 4096 bytes)
[    2.949010] squashfs: version 4.0 (2009/01/31) Phillip Lougher
[    2.955619] fuse init (API version 7.23)
[    2.960003] Key type big_key registered
[    2.964109] Allocating IMA MOK and blacklist keyrings.
[    2.973865] Key type asymmetric registered
[    2.978140] Asymmetric key parser 'x509' registered
[    2.983168] Block layer SCSI generic (bsg) driver version 0.4 loaded (major 249)
[    2.991114] io scheduler noop registered
[    2.995595] io scheduler deadline registered (default)
[    3.000792] io scheduler cfq registered
[    3.005026] pci_hotplug: PCI Hot Plug PCI Core version: 0.5
[    3.010755] pciehp: PCI Express Hot Plug Controller Driver version: 0.4
[    3.017736] ACPI: AC Adapter [AC] (on-line)
[    3.022177] input: Power Button as /devices/LNXSYSTM:00/LNXPWRBN:00/input/input0
[    3.029657] ACPI: Power Button [PWRF]
[    3.033760] input: Sleep Button as /devices/LNXSYSTM:00/LNXSLPBN:00/input/input1
[    3.041053] ACPI: Sleep Button [SLPF]
[    3.045944] GHES: HEST is not enabled!
[    3.050192] Serial: 8250/16550 driver, 32 ports, IRQ sharing enabled
[    3.083538] 00:02: ttyS0 at I/O 0xf8 (irq = 4, ase_baud = 11200) is a 16550A
[    3.092473] Linux agpgart interface v0.103
[    3.102303] loop: module loaded
[    3.107929] scsi host0: ata_piix
[    3.112100] scsi host1: ata_piix
[    3.115781] ata1: PATA max UDMA/33 cmd 0x1f0 ctl 0x3f6 bmdma 0xd000 irq 14
[    3.122550] ata2: PATA max UDMA/33 cmd 0x170 ctl 0x376 bmdma 0xd008 irq 15
[    3.129470] libphy: Fixed MDIO Bus: probed
[    3.133887] tun: Universal TUN/TAP device driver, 1.6
[    3.139106] tun: (C) 1999-2004 Max Krasnyansky <maxk@qualcomm.com>
[    3.149191] PPP generic driver version 2.4.2
[    3.153699] ehci_hcd: USB 2.0 'Enhanced' Host Controller (EHCI) Driver
[    3.160081] ehci-pci: EHCI PCI platform driver
[    3.164679] ehci-platform: EHCI generic platform driver
[    3.169816] ohci_hcd: USB 1.1 'Open' Host Controller (OHCI) Driver
[    3.175732] ohci-pci: OHCI PCI platform driver
[    3.180113] ohci-platform: OHCI generic platform driver
[    3.185127] uhci_hcd: USB Universal Host Controller Interface driver
[    3.191410] i8042: PNP: PS/2 Controller [PNP0303:PS2K,PNP0f03:PS2M] at 0x60,0x64 irq 1,12
[    3.202378] serio: i8042 KBD port at 0x60,0x64 irq 1
[    3.207415] serio: i8042 AUX port at 0x60,0x64 irq 12
[    3.212817] mousedev: PS/2 mouse device common for all mice
[    3.220835] rtc_cmos rtc_cmos: rtc core: registered rtc_cmos as rtc0
[    3.228020] rtc_cmos rtc_cmos: alarms up to one day, 114 bytes nvram
[    3.234092] input: AT Translated Set 2 keyboard as /devices/platform/i8042/serio0/input/input2
[    3.242103] i2c /dev entries driver
[    3.246249] device-mapper: uevent: version 1.0.3
[    3.251328] device-mapper: ioctl: 4.34.0-ioctl (2015-10-28) initialised: dm-devel@redhat.com
[    3.259389] ledtrig-cpu: registered to indicate activity on CPUs
[    3.266050] NET: Registered protocol family 10
[    3.271919] NET: Registered protocol family 17
[    3.279435] Key type dns_resolver registered
[    3.284645] registered taskstats version 1
[    3.318625] Loading compiled-in X.509 certificates
[    3.324414] Loaded X.509 cert 'Build time autogenerated kernel key: cf00e047681d67edb2720680708b7d9498083038'
[    3.333479] zswap: loaded using pool lzo/zbud
[    3.354009] Key type trusted registered
[    3.365139] Key type encrypted registered
[    3.369036] AppArmor: AppArmor sha1 policy hashing enabled
[    3.374163] ima: No TPM chip found, activating TPM-bypass!
[    3.379362] ima: Allocated hash algorithm: sha1
[    3.383815] evm: HMAC attrs: 0x1
[    3.388335]   Magic number: 7:144:481
[    3.392032] ata_device dev1.0: hash matches
[    3.396114]  dev1.0: hash matches
[    3.400073] rtc_cmos rtc_cmos: setting system clock to 2023-01-13 12:30:01 UTC (1673613001)
[    3.408130] BIOS EDD facility v0.16 2004-Jun-25, 0 devices found
[    3.413765] EDD information not available.
[    3.420330] Freeing unused kernel memory: 1492K
[    3.439576] Write protecting the kernel read-only data: 14336k
[    3.445812] Freeing unused kernel memory: 1584K
[    3.450447] Freeing unused kernel memory: 52K
Loading, please wait...
starting version 229
[    3.481511] random: systemd-udevd: uninitialized urandom read (16 bytes read, 3 bits of entropy available)
[    3.482482] random: udevadm: uninitialized urandom read (16 bytes read, 3 bits of entropy available)
[    3.482544] random: udevadm: uninitialized urandom read (16 bytes read, 3 bits of entropy available)
[    3.507042] random: systemd-udevd: uninitialized urandom read (16 bytes read, 3 bits of entropy available)
[    3.514990] random: udevadm: uninitialized urandom read (16 bytes read, 3 bits of entropy available)
[    3.515115] random: udevadm: uninitialized urandom read (16 bytes read, 3 bits of entropy available)
[    3.515502] random: udevadm: uninitialized urandom read (16 bytes read, 3 bits of entropy available)
[    3.515660] random: udevadm: uninitialized urandom read (16 bytes read, 3 bits of entropy available)
[    3.515975] random: udevadm: uninitialized urandom read (16 bytes read, 3 bits of entropy available)
[    3.516177] random: udevadm: uninitialized urandom read (16 bytes read, 3 bits of entropy available)
[    3.635830] Fusion MPT base driver 3.04.20
[    3.640194] Copyright (c) 1999-2008 LSI Corporation
[    3.678255] e1000: Intel(R) PRO/1000 Network Driver - version 7.3.21-k8-NAPI
[    3.685201] e1000: Copyright (c) 1999-2006 Intel Corporation.
[    3.701764] AVX version of gcm_enc/dec engaged.
[    3.706606] AES CTR mode by8 optimization enabled
[    3.727728] Fusion MPT SPI Host driver 3.04.20
[    3.901178] input: ImExPS/2 Generic Explorer Mouse as /devices/platform/i8042/serio1/input/input4
[    4.273559] e1000 0000:00:03.0 eth0: (PCI:33MHz:32-bit) 02:be:82:6b:cc:1d
[    4.280177] e1000 0000:00:03.0 eth0: Intel(R) PRO/1000 Network Connection
[    4.288636] mptbase: ioc0: Initiating bringup
[    4.369047] ioc0: LSI53C1030 A0: Capabilities={Initiator}
[    4.542622] scsi host2: ioc0: LSI53C1030 A0, FwRev=00000000h, Ports=1, MaxQ=256, IRQ=20
[    4.663445] scsi 2:0:0:0: Direct-Access     VBOX     HARDDISK         1.0  PQ: 0 ANSI: 5
[    4.671002] scsi target2:0:0: Beginning Domain Validation
[    4.679685] scsi target2:0:0: Domain Validation skipping write tests
[    4.685563] scsi target2:0:0: Ending Domain Validation
[    4.692206] scsi target2:0:0: asynchronous
[    4.698862] scsi 2:0:1:0: Direct-Access     VBOX     HARDDISK         1.0  PQ: 0 ANSI: 5
[    4.726826] scsi target2:0:1: Beginning Domain Validation
[    4.737487] scsi target2:0:1: Domain Validation skipping write tests
[    4.743748] scsi target2:0:1: Ending Domain Validation
[    4.749407] scsi target2:0:1: asynchronous
[    4.801542] sd 2:0:0:0: Attached scsi generic sg0 type 0
[    4.806687] sd 2:0:0:0: [sda] 83886080 512-byte logical blocks: (42.9 GB/40.0 GiB)
[    4.815039] sd 2:0:1:0: [sdb] 20480 512-byte logical blocks: (10.5 MB/10.0 MiB)
[    4.822947] sd 2:0:1:0: Attached scsi generic sg1 type 0
[    4.828964] sd 2:0:0:0: [sda] Write Protect is off
[    4.833736] sd 2:0:1:0: [sdb] Write Protect is off
[    4.839239] sd 2:0:0:0: [sda] Incomplete mode parameter data
[    4.844900] sd 2:0:0:0: [sda] Assuming drive cache: write through
[    4.851114] sd 2:0:1:0: [sdb] Incomplete mode parameter data
[    4.856517] sd 2:0:1:0: [sdb] Assuming drive cache: write through
[    4.876026]  sda: sda1
[    4.880833] sd 2:0:1:0: [sdb] Attached SCSI disk
[    4.887149] sd 2:0:0:0: [sda] Attached SCSI disk
[    5.233270] e1000 0000:00:08.0 eth1: (PCI:33MHz:32-bit) 08:00:27:bd:6b:30
[    5.240045] e1000 0000:00:08.0 eth1: Intel(R) PRO/1000 Network Connection
[    5.249292] e1000 0000:00:03.0 enp0s3: renamed from eth0
[    5.264640] e1000 0000:00:08.0 enp0s8: renamed from eth1
Begin: Loading essential drivers ... [    7.084148] md: linear personality registered for level -1
[    7.094003] md: multipath personality registered for level -4
[    7.103560] md: raid0 personality registered for level 0
[    7.121062] md: raid1 personality registered for level 1
[    7.200325] raid6: sse2x1   gen()  7275 MB/s
[    7.271633] raid6: sse2x1   xor()  5452 MB/s
[    7.344036] raid6: sse2x2   gen()  8754 MB/s
[    7.415659] raid6: sse2x2   xor()  6148 MB/s
[    7.487537] raid6: sse2x4   gen()  9632 MB/s
[    7.559607] raid6: sse2x4   xor()  7624 MB/s
[    7.563789] raid6: using algorithm sse2x4 gen() 9632 MB/s
[    7.569071] raid6: .... xor() 7624 MB/s, rmw enabled
[    7.573793] raid6: using ssse3x2 recovery algorithm
[    7.581325] xor: automatically using best checksumming function:
[    7.750677]    avx       : 331200.000 MB/sec
[    7.757628] async_tx: api initialized (async)
[    7.795037] md: raid6 personality registered for level 6
[    7.800418] md: raid5 personality registered for level 5
[    7.805492] md: raid4 personality registered for level 4
[    7.831364] md: raid10 personality registered for level 10
done.
Begin: Running /scripts/init-premount ... done.
Begin: Mounting root file system ... Begin: Running /scripts/local-top ... done.
Begin: Running /scripts/local-premount ... [    7.930161] Btrfs loaded
Scanning for Btrfs filesystems
done.
Warning: fsck not present, so skipping root file system
[    7.990263] EXT4-fs (sda1): mounted filesystem with ordered data mode. Opts: (null)
done.
Begin: Running /scripts/local-bottom ... done.
Begin: Running /scripts/init-bottom ... done.
[    8.460248] systemd[1]: systemd 229 running in system mode. (+PAM +AUDIT +SELINUX +IMA +APPARMOR +SMACK +SYSVINIT +UTMP +LIBCRYPTSETUP +GCRYPT +GNUTLS +ACL +XZ -LZ4 +SECCOMP +BLKID +ELFUTILS +KMOD -IDN)
[    8.476259] systemd[1]: Detected virtualization oracle.
[    8.481247] systemd[1]: Detected architecture x86-64.

Welcome to [1mUbuntu 16.04.7 LTS[0m!

[    8.517395] systemd[1]: Set hostname to <ubuntu>.
[    8.538523] systemd[1]: Initializing machine ID from random generator.
[    8.545185] systemd[1]: Installed transient /etc/machine-id file.
[    8.916534] random: nonblocking pool is initialized
[    9.098333] systemd[1]: Listening on udev Control Socket.
[[0;32m  OK  [0m] Listening on udev Control Socket.
[    9.107264] systemd[1]: Started Forward Password Requests to Wall Directory Watch.
[[0;32m  OK  [0m] Started Forward Password Requests to Wall Directory Watch.
[    9.119484] systemd[1]: Created slice User and Session Slice.
[[0;32m  OK  [0m] Created slice User and Session Slice.
[    9.129010] systemd[1]: Created slice System Slice.
[[0;32m  OK  [0m] Created slice System Slice.
[    9.137504] systemd[1]: Set up automount Arbitrary Executable File Formats File System Automount Point.
[[0;32m  OK  [0m] Set up automount Arbitrary Executab...ats File System Automount Point.
[    9.151635] systemd[1]: Listening on udev Kernel Socket.
[[0;32m  OK  [0m] Listening on udev Kernel Socket.
[    9.160361] systemd[1]: Reached target Encrypted Volumes.
[[0;32m  OK  [0m] Reached target Encrypted Volumes.
[    9.169178] systemd[1]: Reached target Slices.
[[0;32m  OK  [0m] Reached target Slices.
[    9.176834] systemd[1]: Listening on LVM2 metadata daemon socket.
[[0;32m  OK  [0m] Listening on LVM2 metadata daemon socket.
[    9.186487] systemd[1]: Reached target User and Group Name Lookups.
[[0;32m  OK  [0m] Reached target User and Group Name Lookups.
[    9.196621] systemd[1]: Listening on Journal Audit Socket.
[[0;32m  OK  [0m] Listening on Journal Audit Socket.
[    9.212079] systemd[1]: Reached target Swap.
[[0;32m  OK  [0m] Reached target Swap.
[    9.219662] systemd[1]: Listening on Journal Socket (/dev/log).
[[0;32m  OK  [0m] Listening on Journal Socket (/dev/log).
[    9.229282] systemd[1]: Started Trigger resolvconf update for networkd DNS.
[[0;32m  OK  [0m] Started Trigger resolvconf update for networkd DNS.
[    9.240620] systemd[1]: Listening on /dev/initctl Compatibility Named Pipe.
[[0;32m  OK  [0m] Listening on /dev/initctl Compatibility Named Pipe.
[    9.251389] systemd[1]: Listening on fsck to fsckd communication Socket.
[[0;32m  OK  [0m] Listening on fsck to fsckd communication Socket.
[    9.262394] systemd[1]: Listening on LVM2 poll daemon socket.
[[0;32m  OK  [0m] Listening on LVM2 poll daemon socket.
[    9.271635] systemd[1]: Listening on Syslog Socket.
[[0;32m  OK  [0m] Listening on Syslog Socket.
[    9.279920] systemd[1]: Listening on Journal Socket.
[[0;32m  OK  [0m] Listening on Journal Socket.
[    9.300507] systemd[1]: Mounting Debug File System...
         Mounting Debug File System...
[    9.310056] systemd[1]: Starting Journal Service...
         Starting Journal Service...
[    9.336950] systemd[1]: Starting Load Kernel Modules...
         Starting Load Kernel Modules...
[    9.346860] systemd[1]: Mounting POSIX Message Queue File System...
         Mounting POSIX Message Queue File System...
[    9.358618] systemd[1]: Starting File System Check on Root Device...
         Starting File System Check on Root Device...
[    9.370066] systemd[1]: Starting Set console keymap...
         Starting Set console keymap...
[    9.380104] systemd[1]: Starting Uncomplicated firewall...
         Starting Uncomplicated firewall...
[    9.390418] systemd[1]: Starting Create list of required static device nodes for the current kernel...
         Starting Create list of required st... nodes for the current kernel...
[    9.409361] systemd[1]: Listening on Device-mapper event daemon FIFOs.
[[0;32m  OK  [0m] Listening on Device-mapper event daemon FIFOs.
[    9.424832] systemd[1]: Starting Monitoring of LVM2 mirrors, snapshots etc. using dmeventd or progress polling...
         Starting Monitoring of LVM2 mirrors... dmeventd or progress polling...
[    9.441219] systemd[1]: Mounting Huge Pages File System...
         Mounting Huge Pages File System...
[    9.453745] systemd[1]: Starting Nameserver information manager...
         Starting Nameserver information manager...
[    9.466576] systemd[1]: Created slice system-serial\x2dgetty.slice.
[[0;32m  OK  [0m] Created slice system-serial\x2dgetty.slice.
[    9.488732] systemd[1]: Reached target System Time Synchronized.
[[0;32m  OK  [0m] Reached target System Time Synchronized.
[    9.513180] systemd[1]: Mounted Huge Pages File System.
[[0;32m  OK  [0m] Mounted Huge Pages File System.
[    9.526660] systemd[1]: Mounted POSIX Message Queue File System.
[    9.533532] Loading iSCSI transport class v2.0-870.
[[0;32m  OK  [0m] Mounted POSIX Message Queue File System.
[    9.544357] systemd[1]: Mounted Debug File System.
[[0;32m  OK  [0m] Mounted Debug File System.
[    9.555580] systemd[1]: Started Create list of required static device nodes for the current kernel.
[[0;32m  OK  [0m] Started Create list of required sta...ce nodes for the current kernel.
[    9.576671] systemd[1]: Started Uncomplicated firewall.
[[0;32m  OK  [0m] Started Uncomplicated firewall.
[    9.615911] systemd[1]: Started File System Check Daemon to report status.
[    9.632569] iscsi: registered transport (tcp)
[[0;32m  OK  [0m] Started File System Check Daemon to report status.
[    9.645110] systemd[1]: Starting Create Static Device Nodes in /dev...
         Starting Create Static Device Nodes in /dev...
[    9.659051] systemd[1]: Started Journal Service.
[[0;32m  OK  [0m] Started Journal Service.
[[0;32m  OK  [0m] Started Nameserver information manager.
[[0;32m  OK  [0m] Started Set console keymap.
[[0;32m  OK  [0m] Started File System Check on Root Device.
         Starting Remount Root and Kernel File Systems...
[[0;32m  OK  [0m] Started LVM2 metadata daemon.
[    9.762469] EXT4-fs (sda1): re-mounted. Opts: (null)
[[0;32m  OK  [0m] Started Remount Root and Kernel File Systems.
         Starting udev Coldplug all Devices...
         Starting Load/Save Random Seed...
         Starting Flush Journal to Persistent Storage...
[[0;32m  OK  [0m] Started Load/Save Random Seed.
[    9.859684] systemd-journald[369]: Received request to flush runtime journal from PID 1
[[0;32m  OK  [0m] Started Flush Journal to Persistent Storage.
[    9.903136] iscsi: registered transport (iser)
[[0;32m  OK  [0m] Started Load Kernel Modules.
         Starting Apply Kernel Variables...
         Mounting FUSE Control File System...
[[0;32m  OK  [0m] Mounted FUSE Control File System.
[[0;32m  OK  [0m] Started udev Coldplug all Devices.
[[0;32m  OK  [0m] Started Create Static Device Nodes in /dev.
[[0;32m  OK  [0m] Started Apply Kernel Variables.
         Starting udev Kernel Device Manager...
[[0;32m  OK  [0m] Started udev Kernel Device Manager.
[[0;32m  OK  [0m] Started Dispatch Password Requests to Console Directory Watch.
[[0;32m  OK  [0m] Started Monitoring of LVM2 mirrors,...ng dmeventd or progress polling.
[[0;32m  OK  [0m] Reached target Local File Systems (Pre).
[[0;32m  OK  [0m] Reached target Local File Systems.
         Starting Tell Plymouth To Write Out Runtime Data...
         Starting Set console font and keymap...
         Starting Initial cloud-init job (pre-networking)...
         Starting Commit a transient machine-id on disk...
         Starting LSB: AppArmor initialization...
         Starting Create Volatile Files and Directories...
[[0;32m  OK  [0m] Found device /dev/ttyS0.
[[0;32m  OK  [0m] Started Tell Plymouth To Write Out Runtime Data.
[[0;32m  OK  [0m] Started Commit a transient machine-id on disk.
[[0;32m  OK  [0m] Started Create Volatile Files and Directories.
         Starting Update UTMP about System Boot/Shutdown...
[[0;32m  OK  [0m] Listening on Load/Save RF Kill Switch Status /dev/rfkill Watch.
[[0;32m  OK  [0m] Started Update UTMP about System Boot/Shutdown.
[[0;32m  OK  [0m] Started LSB: AppArmor initialization.
         Starting Load AppArmor profiles managed internally by snapd...
[[0;32m  OK  [0m] Started Load AppArmor profiles managed internally by snapd.
[[0;32m  OK  [0m] Started Set console font and keymap.
[[0;32m  OK  [0m] Created slice system-getty.slice.
[   12.888170] cloud-init[490]: Cloud-init v. 21.1-19-gbad84ad4-0ubuntu1~16.04.2 running 'init-local' at Fri, 13 Jan 2023 12:30:11 +0000. Up 12.42 seconds.
[[0;32m  OK  [0m] Started Initial cloud-init job (pre-networking).
[[0;32m  OK  [0m] Reached target Network (Pre).
         Starting Raise network interfaces...
[[0;32m  OK  [0m] Started Raise network interfaces.
[[0;32m  OK  [0m] Reached target Network.
         Starting Initial cloud-init job (metadata service crawler)...
[   15.006078] cloud-init[963]: Cloud-init v. 21.1-19-gbad84ad4-0ubuntu1~16.04.2 running 'init' at Fri, 13 Jan 2023 12:30:13 +0000. Up 13.85 seconds.
[   15.012497] cloud-init[963]: ci-info: ++++++++++++++++++++++++++++++++++++++Net device info+++++++++++++++++++++++++++++++++++++++
[   15.018541] cloud-init[963]: ci-info: +--------+-------+----------------------------+---------------+--------+-------------------+
[   15.024514] cloud-init[963]: ci-info: | Device |   Up  |          Address           |      Mask     | Scope  |     Hw-Address    |
[   15.030431] cloud-init[963]: ci-info: +--------+-------+----------------------------+---------------+--------+-------------------+
[   15.036503] cloud-init[963]: ci-info: | enp0s3 |  True |         10.0.2.15          | 255.255.255.0 | global | 02:be:82:6b:cc:1d |
[   15.042461] cloud-init[963]: ci-info: | enp0s3 |  True | fe80::be:82ff:fe6b:cc1d/64 |       .       |  link  | 02:be:82:6b:cc:1d |
[   15.048466] cloud-init[963]: ci-info: | enp0s8 | False |             .              |       .       |   .    | 08:00:27:bd:6b:30 |
[   15.054582] cloud-init[963]: ci-info: |   lo   |  True |         127.0.0.1          |   255.0.0.0   |  host  |         .         |
[   15.060708] cloud-init[963]: ci-info: |   lo   |  True |          ::1/128           |       .       |  host  |         .         |
[   15.066637] cloud-init[963]: ci-info: +--------+-------+----------------------------+---------------+--------+-------------------+
[   15.072724] cloud-init[963]: ci-info: +++++++++++++++++++++++++++Route IPv4 info++++++++++++++++++++++++++++
[   15.078083] cloud-init[963]: ci-info: +-------+-------------+----------+---------------+-----------+-------+
[   15.083586] cloud-init[963]: ci-info: | Route | Destination | Gateway  |    Genmask    | Interface | Flags |
[   15.088862] cloud-init[963]: ci-info: +-------+-------------+----------+---------------+-----------+-------+
[   15.094241] cloud-init[963]: ci-info: |   0   |   0.0.0.0   | 10.0.2.2 |    0.0.0.0    |   enp0s3  |   UG  |
[   15.099627] cloud-init[963]: ci-info: |   1   |   10.0.2.0  | 0.0.0.0  | 255.255.255.0 |   enp0s3  |   U   |
[   15.104956] cloud-init[963]: ci-info: +-------+-------------+----------+---------------+-----------+-------+
[   15.110390] cloud-init[963]: ci-info: +++++++++++++++++++Route IPv6 info+++++++++++++++++++
[   15.115162] cloud-init[963]: ci-info: +-------+-------------+---------+-----------+-------+
[   15.119905] cloud-init[963]: ci-info: | Route | Destination | Gateway | Interface | Flags |
[   15.124823] cloud-init[963]: ci-info: +-------+-------------+---------+-----------+-------+
[   15.129628] cloud-init[963]: ci-info: |   0   |  fe80::/64  |    ::   |   enp0s3  |   U   |
[   15.134453] cloud-init[963]: ci-info: |   3   |   ff00::/8  |    ::   |   enp0s3  |   U   |
[   15.139244] cloud-init[963]: ci-info: +-------+-------------+---------+-----------+-------+
[   15.144046] cloud-init[963]: Generating public/private rsa key pair.
[   15.148103] cloud-init[963]: Your identification has been saved in /etc/ssh/ssh_host_rsa_key.
[   15.152939] cloud-init[963]: Your public key has been saved in /etc/ssh/ssh_host_rsa_key.pub.
[   15.157787] cloud-init[963]: The key fingerprint is:
[   15.161338] cloud-init[963]: SHA256:ywbs9yrYq8IQBL3MRCUfVGwgEDyLEdmV1XCyrhq5Yyk root@ubuntu-xenial
[   15.166186] cloud-init[963]: The key's randomart image is:
[   15.170127] cloud-init[963]: +---[RSA 2048]----+
[   15.173670] cloud-init[963]: |BO++**=o.        |
[   15.177170] cloud-init[963]: |o+++..o+.        |
[   15.180742] cloud-init[963]: |o=o....          |
[   15.184117] cloud-init[963]: |o.+  o           |
[   15.187546] cloud-init[963]: | .    + S        |
[   15.190958] cloud-init[963]: |.  . o o .       |
[   15.194561] cloud-init[963]: | oo..o. =        |
[   15.198022] cloud-init[963]: |E *+. oo .       |
[   15.201690] cloud-init[963]: | ooo...o...      |
[   15.205126] cloud-init[963]: +----[SHA256]-----+
[   15.208702] cloud-init[963]: Generating public/private dsa key pair.
[   15.212902] cloud-init[963]: Your identification has been saved in /etc/ssh/ssh_host_dsa_key.
[   15.217758] cloud-init[963]: Your public key has been saved in /etc/ssh/ssh_host_dsa_key.pub.
[   15.222600] cloud-init[963]: The key fingerprint is:
[   15.226243] cloud-init[963]: SHA256:c40RlG+USL3qrG+WcYy+qIrXD5VYroilWlBhHTxJpU8 root@ubuntu-xenial
[   15.231229] cloud-init[963]: The key's randomart image is:
[   15.234989] cloud-init[963]: +---[DSA 1024]----+
[[0;32m  OK  [0m] Started Initial cloud-init job (metadata service crawler).
[[0;32m  OK  [0m] Reached target Network is Online.
[   15.238460] cloud-init[963]: |  o+o+.  o++ .   |
[   15.246335] cloud-init[963]: | . .=.    o.+    |
[   15.249739] cloud-init[963]: |  . ..E . .o .   |
[   15.256244]          cloud-initStarting iSCSI initiator daemon (iscsid)...[963]: 
| .   o + . ++    |
[   15.262288] cloud-init[963]: |.   . o S o=.    |
[   15.271257] cloud-init[963]: | . + . o o+ o    |
[   15.280458] cloud-init[963]: |  + ..o  + +     |
[   15.281528] cloud-init[963]: | o .. .. .B      |
[   15.284143] cloud-init[963]: |. .....o+=o.     |
[   15.286793] cloud-init[963]: +----[SHA256]-----+
[   15.287088] cloud-init[963]: Generating public/private ecdsa key pair.
[   15.290696] cloud-init[963]: Your identification has been saved in /etc/ssh/ssh_host_ecdsa_key.
[   15.291175] cloud-init[963]: Your public key has been saved in /etc/ssh/ssh_host_ecdsa_key.pub.
[   15.291623] cloud-init[963]: The key fingerprint is:
[   15.295008] cloud-init[963]: SHA256:kfL6Av08pycKM1HZvYnkUTnLk0yU1Jm0kjI1p8s6mbM root@ubuntu-xenial
[   15.298972] cloud-init[963]: The key's randomart image is:
[   15.301036] cloud-init[963]: +---[ECDSA 256]---+
[   15.301488] cloud-init[963]: |         o*=oo   |
[   15.301905] cloud-init[963]: |       o ===+.   |
[   15.302366] cloud-init[963]: |      + O+=+.    |
[   15.303204] cloud-init[963]: |     . = B*=     |
[   15.303605] cloud-init[963]: |    ..  S =.     |
[   15.304738] cloud-init[963]: |    .... +       |
[   15.305191] cloud-init[963]: |    +..o*        |
[   15.305685] cloud-init[963]: |     +..=+o      |
[   15.309724] cloud-init[963]: |      .oE*       |
[   15.310117] cloud-init[963]: +----[SHA256]-----+
[   15.310620] cloud-init[963]: Generating public/private ed25519 key pair.
[   15.311029] cloud-init[963]: Your identification has been saved in /etc/ssh/ssh_host_ed25519_key.
[   15.314853] cloud-init[963]: Your public key has been saved in /etc/ssh/ssh_host_ed25519_key.pub.
[   15.321334] cloud-init[963]: The key fingerprint is:
[   15.323781] cloud-init[963]: SHA256:xxxcV/g5BFdXxi1RoJMvfFkBPUlXxk0B7dHy+MAUIpM root@ubuntu-xenial
[   15.329954] cloud-init[963]: The key's randomart image is:
[   15.330406] cloud-init[963]: +--[ED25519 256]--+
[   15.333746] cloud-init[963]: |          o.o+%/^|
[   15.338225] cloud-init[963]: |         .E+ =*XX|
[   15.338667] cloud-init[963]: |          o +oo*=|
[   15.339184] cloud-init[963]: |         o o o+*o|
[   15.346026] cloud-init[963]: |        S + o +o.|
[   15.347077] cloud-init[963]: |         .   o  .|
[   15.347249] cloud-init[963]: |                 |
[   15.349219] cloud-init[963]: |                 |
[   15.353322] cloud-init[963]: |                 |
[[0;32m  OK  [0m] Reached target System Initialization.
[   15.359699] cloud-init[963]:          Starting LXD - unix socket.
[[0;32m  OK  [0m] Listening on D-Bus System Message Bus Socket.
[[0;32m  OK  [0m] Listening on UUID daemon activation socket.
[[0;32m  OK  [0m] Started Message of the Day.
         Starting Socket activation for snappy daemon.
[[0;32m  OK  [0m] Listening on ACPID Listen Socket.
[[0;32m  OK  [0m] Started Daily apt download activities.
[[0;32m  OK  [0m] Started Daily apt upgrade and clean activities.
+----[SHA256]-----+
[[0;32m  OK  [0m] Started Ubuntu Advantage update messaging.
[[0;32m  OK  [0m] Started Daily Cleanup of Temporary Directories.
[[0;32m  OK  [0m] Started ACPI Events Check.
[[0;32m  OK  [0m] Reached target Paths.
[[0;32m  OK  [0m] Reached target Timers.
[[0;32m  OK  [0m] Reached target Cloud-config availability.
[[0;32m  OK  [0m] Listening on LXD - unix socket.
[[0;32m  OK  [0m] Listening on Socket activation for snappy daemon.
[[0;32m  OK  [0m] Reached target Sockets.
[[0;32m  OK  [0m] Reached target Basic System.
         Starting LSB: MD monitoring daemon...
         Starting LXD - container startup/shutdown...
         Starting Accounts Service...
[[0;32m  OK  [0m] Started ACPI event daemon.
         Starting /etc/rc.local Compatibility...
         Starting Virtualbox guest utils...
         Starting System Logging Service...
[[0;32m  OK  [0m] Started Regular background program processing daemon.
[[0;32m  OK  [0m] Started FUSE filesystem for LXC.
         Starting Snap Daemon...
[[0;32m  OK  [0m] Started Deferred execution scheduler.
         Starting LSB: Record successful boot for GRUB...
[[0;32m  OK  [0m] Started D-Bus System Message Bus.
         Starting Login Service...
         Starting Pollinate to seed the pseudo random number generator...
[[0;32m  OK  [0m] Started System Logging Service.
[[0;32m  OK  [0m] Started iSCSI initiator daemon (iscsid).
[[0;32m  OK  [0m] Started /etc/rc.local Compatibility.
         Starting Login to default iSCSI targets...
[[0;32m  OK  [0m] Started Login Service.
[[0;32m  OK  [0m] Started Unattended Upgrades Shutdown.
         Starting Authenticate and Authorize Users to Run Privileged Tasks...
[[0;32m  OK  [0m] Started LSB: Record successful boot for GRUB.
[[0;32m  OK  [0m] Started LSB: MD monitoring daemon.
[[0;32m  OK  [0m] Started Login to default iSCSI targets.
[[0;32m  OK  [0m] Reached target Remote File Systems (Pre).
[[0;32m  OK  [0m] Reached target Remote File Systems.
         Starting LSB: Set the CPU Frequency Scaling governor to "ondemand"...
         Starting LSB: daemon to balance interrupts for SMP systems...
         Starting LSB: automatic crash report generation...
         Starting Permit User Sessions...
[[0;32m  OK  [0m] Started LSB: Set the CPU Frequency Scaling governor to "ondemand".
[[0;32m  OK  [0m] Started Permit User Sessions.
         Starting Terminate Plymouth Boot Screen...
         Starting Hold until boot process finishes up...
[[0;32m  OK  [0m] Started Hold until boot process finishes up.
[[0;32m  OK  [0m] Started Terminate Plymouth Boot Screen.
[[0;32m  OK  [0m] Started Serial Getty on ttyS0.
         Starting Set console scheme...
[[0;32m  OK  [0m] Started Getty on tty1.
[[0;32m  OK  [0m] Reached target Login Prompts.
[[0;32m  OK  [0m] Started LSB: daemon to balance interrupts for SMP systems.
[[0;32m  OK  [0m] Started LSB: automatic crash report generation.
[[0;32m  OK  [0m] Started Set console scheme.
[[0;32m  OK  [0m] Started Authenticate and Authorize Users to Run Privileged Tasks.
[[0;32m  OK  [0m] Started Accounts Service.
[[0;32m  OK  [0m] Started Virtualbox guest utils.
[[0;32m  OK  [0m] Started LXD - container startup/shutdown.
[[0;32m  OK  [0m] Started Snap Daemon.
         Starting Wait until snapd is fully seeded...
[[0;32m  OK  [0m] Started Pollinate to seed the pseudo random number generator.
         Starting OpenBSD Secure Shell server...
[[0;32m  OK  [0m] Started OpenBSD Secure Shell server.
[[0;32m  OK  [0m] Created slice User Slice of vagrant.
         Starting User Manager for UID 1000...
[[0;32m  OK  [0m] Started Session 1 of user vagrant.
[[0;32m  OK  [0m] Started User Manager for UID 1000.
[[0;32m  OK  [0m] Started Wait until snapd is fully seeded.
         Starting Apply the settings specified in cloud-config...
[[0;32m  OK  [0m] Reached target Multi-User System.
[[0;32m  OK  [0m] Reached target Graphical Interface.
         Starting Update UTMP about System Runlevel Changes...
[[0;32m  OK  [0m] Started Update UTMP about System Runlevel Changes.
[   22.718151] cloud-init[1476]: Generating locales (this might take a while)...

Ubuntu 16.04.7 LTS ubuntu-xenial ttyS0

ubuntu-xenial login: [   23.981607] cloud-init[1476]:   en_US.UTF-8... done
[   23.984251] cloud-init[1476]: Generation complete.
[   25.181510] cloud-init[1476]: Cloud-init v. 21.1-19-gbad84ad4-0ubuntu1~16.04.2 running 'modules:config' at Fri, 13 Jan 2023 12:30:21 +0000. Up 22.38 seconds.
ci-info: no authorized SSH keys fingerprints found for user ubuntu.
<14>Jan 13 12:30:25 ec2: 
<14>Jan 13 12:30:25 ec2: #############################################################
<14>Jan 13 12:30:25 ec2: -----BEGIN SSH HOST KEY FINGERPRINTS-----
<14>Jan 13 12:30:25 ec2: 1024 SHA256:c40RlG+USL3qrG+WcYy+qIrXD5VYroilWlBhHTxJpU8 root@ubuntu-xenial (DSA)
<14>Jan 13 12:30:25 ec2: 256 SHA256:kfL6Av08pycKM1HZvYnkUTnLk0yU1Jm0kjI1p8s6mbM root@ubuntu-xenial (ECDSA)
<14>Jan 13 12:30:25 ec2: 256 SHA256:xxxcV/g5BFdXxi1RoJMvfFkBPUlXxk0B7dHy+MAUIpM root@ubuntu-xenial (ED25519)
<14>Jan 13 12:30:25 ec2: 2048 SHA256:ywbs9yrYq8IQBL3MRCUfVGwgEDyLEdmV1XCyrhq5Yyk root@ubuntu-xenial (RSA)
<14>Jan 13 12:30:25 ec2: -----END SSH HOST KEY FINGERPRINTS-----
<14>Jan 13 12:30:25 ec2: #############################################################
-----BEGIN SSH HOST KEY KEYS-----
ecdsa-sha2-nistp256 AAAAE2VjZHNhLXNoYTItbmlzdHAyNTYAAAAIbmlzdHAyNTYAAABBBDQMH9b1XtNJFHl5Ih6YgZ6Cphd7DVyc1/PXCARWJ5PCQVO+2OXwyGNU6GqGqHXsGTucv2rwfVYBMqHIWYKOw1U= root@ubuntu-xenial
ssh-ed25519 AAAAC3NzaC1lZDI1NTE5AAAAIIkWg3IyWXvc8wYZT36DjWhXv2k6iO0aDVcAWowtZbsu root@ubuntu-xenial
ssh-rsa AAAAB3NzaC1yc2EAAAADAQABAAABAQDFEzdsd9PZ46RPPVQyg+KAJP/JSYqd93t4BTWWqZYtzuHklo6VYzbsU+JRx+Ctoi51CF+cLWjKSAQNqwh+QhqLb6FgAKKRgvJ+I2/Lu+2kszdqmQ65fcxJxDJJ1xbDA/ZxyO0tyY3R1EDNK50EDFAl4t1/Ul6Or0azuyqCylOzRaZXwnHXDx25PmV1so3ennNPcwllQ7aXEsszGgFJcCmp+htPYiWnLdo4erA9kchAJy4Zeds2YrAOWh/k8Ft308nwld87WLOH2s8E1t4niTKZJD78oPecEp4VBx+RQkYMqm/GIrtp7eeMsmOV4TAS/Tkmlq8R55RBalXdtptL21uh root@ubuntu-xenial
-----END SSH HOST KEY KEYS-----
[   26.047421] cloud-init[1790]: Cloud-init v. 21.1-19-gbad84ad4-0ubuntu1~16.04.2 running 'modules:final' at Fri, 13 Jan 2023 12:30:25 +0000. Up 25.73 seconds.
[   26.047783] cloud-init[1790]: ci-info: no authorized SSH keys fingerprints found for user ubuntu.
[   26.048562] cloud-init[1790]: Cloud-init v. 21.1-19-gbad84ad4-0ubuntu1~16.04.2 finished at Fri, 13 Jan 2023 12:30:25 +0000. Datasource DataSourceNoCloud [seed=/dev/sdb][dsmode=net].  Up 26.00 seconds
